# JRE version: Java(TM) SE Runtime Environment (13.0.2+8) (build 13.0.2+8)
# Java VM: Java HotSpot(TM) 64-Bit Server VM (13.0.2+8, mixed mode, sharing, tiered, compressed oops, parallel gc, windows-amd64)
Heap:
 PSYoungGen      total 25600K, used 5195K [0x00000000eab00000, 0x00000000ec800000, 0x0000000100000000)
  eden space 24576K, 17% used [0x00000000eab00000,0x00000000eaf2afb0,0x00000000ec300000)
  from space 1024K, 90% used [0x00000000ec700000,0x00000000ec7e8010,0x00000000ec800000)
  to   space 1024K, 0% used [0x00000000ec600000,0x00000000ec600000,0x00000000ec700000)
 ParOldGen       total 280576K, used 248370K [0x00000000c0000000, 0x00000000d1200000, 0x00000000eab00000)
  object space 280576K, 88% used [0x00000000c0000000,0x00000000cf28cbc8,0x00000000d1200000)
 Metaspace       used 68155K, capacity 71665K, committed 71768K, reserved 1112064K
  class space    used 6993K, capacity 8267K, committed 8320K, reserved 1048576K
GC Heap History (20 events):
Event: 174.820 GC heap before
{Heap before GC invocations=222 (full 11):
 PSYoungGen      total 16896K, used 16617K [0x00000000eab00000, 0x00000000ec780000, 0x0000000100000000)
  eden space 15872K, 100% used [0x00000000eab00000,0x00000000eba80000,0x00000000eba80000)
  from space 1024K, 72% used [0x00000000ec680000,0x00000000ec73a400,0x00000000ec780000)
  to   space 3584K, 0% used [0x00000000ec080000,0x00000000ec080000,0x00000000ec400000)
 ParOldGen       total 280576K, used 241711K [0x00000000c0000000, 0x00000000d1200000, 0x00000000eab00000)
  object space 280576K, 86% used [0x00000000c0000000,0x00000000cec0bec0,0x00000000d1200000)
 Metaspace       used 64630K, capacity 68096K, committed 68184K, reserved 1110016K
  class space    used 6533K, capacity 7779K, committed 7808K, reserved 1048576K
}
Event: 174.824 GC heap after
{Heap after GC invocations=222 (full 11):
 PSYoungGen      total 22016K, used 905K [0x00000000eab00000, 0x00000000ec700000, 0x0000000100000000)
  eden space 18432K, 0% used [0x00000000eab00000,0x00000000eab00000,0x00000000ebd00000)
  from space 3584K, 25% used [0x00000000ec080000,0x00000000ec162400,0x00000000ec400000)
  to   space 1536K, 0% used [0x00000000ec580000,0x00000000ec580000,0x00000000ec700000)
 ParOldGen       total 280576K, used 242143K [0x00000000c0000000, 0x00000000d1200000, 0x00000000eab00000)
  object space 280576K, 86% used [0x00000000c0000000,0x00000000cec77ec0,0x00000000d1200000)
 Metaspace       used 64630K, capacity 68096K, committed 68184K, reserved 1110016K
  class space    used 6533K, capacity 7779K, committed 7808K, reserved 1048576K
}
Event: 176.100 GC heap before
{Heap before GC invocations=223 (full 11):
 PSYoungGen      total 22016K, used 19229K [0x00000000eab00000, 0x00000000ec700000, 0x0000000100000000)
  eden space 18432K, 99% used [0x00000000eab00000,0x00000000ebce5240,0x00000000ebd00000)
  from space 3584K, 25% used [0x00000000ec080000,0x00000000ec162400,0x00000000ec400000)
  to   space 1536K, 0% used [0x00000000ec580000,0x00000000ec580000,0x00000000ec700000)
 ParOldGen       total 280576K, used 242143K [0x00000000c0000000, 0x00000000d1200000, 0x00000000eab00000)
  object space 280576K, 86% used [0x00000000c0000000,0x00000000cec77ec0,0x00000000d1200000)
 Metaspace       used 65053K, capacity 68533K, committed 68824K, reserved 1110016K
  class space    used 6575K, capacity 7818K, committed 7936K, reserved 1048576K
}
Event: 176.105 GC heap after
{Heap after GC invocations=223 (full 11):
 PSYoungGen      total 22528K, used 1524K [0x00000000eab00000, 0x00000000ec700000, 0x0000000100000000)
  eden space 20992K, 0% used [0x00000000eab00000,0x00000000eab00000,0x00000000ebf80000)
  from space 1536K, 99% used [0x00000000ec580000,0x00000000ec6fd200,0x00000000ec700000)
  to   space 3072K, 0% used [0x00000000ec100000,0x00000000ec100000,0x00000000ec400000)
 ParOldGen       total 280576K, used 243281K [0x00000000c0000000, 0x00000000d1200000, 0x00000000eab00000)
  object space 280576K, 86% used [0x00000000c0000000,0x00000000ced947c0,0x00000000d1200000)
 Metaspace       used 65053K, capacity 68533K, committed 68824K, reserved 1110016K
  class space    used 6575K, capacity 7818K, committed 7936K, reserved 1048576K
}
Event: 176.262 GC heap before
{Heap before GC invocations=224 (full 11):
 PSYoungGen      total 22528K, used 22516K [0x00000000eab00000, 0x00000000ec700000, 0x0000000100000000)
  eden space 20992K, 100% used [0x00000000eab00000,0x00000000ebf80000,0x00000000ebf80000)
  from space 1536K, 99% used [0x00000000ec580000,0x00000000ec6fd200,0x00000000ec700000)
  to   space 3072K, 0% used [0x00000000ec100000,0x00000000ec100000,0x00000000ec400000)
 ParOldGen       total 280576K, used 243281K [0x00000000c0000000, 0x00000000d1200000, 0x00000000eab00000)
  object space 280576K, 86% used [0x00000000c0000000,0x00000000ced947c0,0x00000000d1200000)
 Metaspace       used 65075K, capacity 68600K, committed 68824K, reserved 1110016K
  class space    used 6576K, capacity 7819K, committed 7936K, reserved 1048576K
}
Event: 176.269 GC heap after
{Heap after GC invocations=224 (full 11):
 PSYoungGen      total 25600K, used 928K [0x00000000eab00000, 0x00000000ec600000, 0x0000000100000000)
  eden space 22528K, 0% used [0x00000000eab00000,0x00000000eab00000,0x00000000ec100000)
  from space 3072K, 30% used [0x00000000ec100000,0x00000000ec1e8000,0x00000000ec400000)
  to   space 2048K, 0% used [0x00000000ec400000,0x00000000ec400000,0x00000000ec600000)
 ParOldGen       total 280576K, used 244013K [0x00000000c0000000, 0x00000000d1200000, 0x00000000eab00000)
  object space 280576K, 86% used [0x00000000c0000000,0x00000000cee4b440,0x00000000d1200000)
 Metaspace       used 65075K, capacity 68600K, committed 68824K, reserved 1110016K
  class space    used 6576K, capacity 7819K, committed 7936K, reserved 1048576K
}
Event: 176.418 GC heap before
{Heap before GC invocations=225 (full 11):
 PSYoungGen      total 25600K, used 23456K [0x00000000eab00000, 0x00000000ec600000, 0x0000000100000000)
  eden space 22528K, 100% used [0x00000000eab00000,0x00000000ec100000,0x00000000ec100000)
  from space 3072K, 30% used [0x00000000ec100000,0x00000000ec1e8000,0x00000000ec400000)
  to   space 2048K, 0% used [0x00000000ec400000,0x00000000ec400000,0x00000000ec600000)
 ParOldGen       total 280576K, used 244013K [0x00000000c0000000, 0x00000000d1200000, 0x00000000eab00000)
  object space 280576K, 86% used [0x00000000c0000000,0x00000000cee4b440,0x00000000d1200000)
 Metaspace       used 65076K, capacity 68600K, committed 68824K, reserved 1110016K
  class space    used 6576K, capacity 7819K, committed 7936K, reserved 1048576K
}
Event: 176.423 GC heap after
{Heap after GC invocations=225 (full 11):
 PSYoungGen      total 25600K, used 224K [0x00000000eab00000, 0x00000000ec500000, 0x0000000100000000)
  eden space 24576K, 0% used [0x00000000eab00000,0x00000000eab00000,0x00000000ec300000)
  from space 1024K, 21% used [0x00000000ec400000,0x00000000ec438000,0x00000000ec500000)
  to   space 1024K, 0% used [0x00000000ec300000,0x00000000ec300000,0x00000000ec400000)
 ParOldGen       total 280576K, used 244741K [0x00000000c0000000, 0x00000000d1200000, 0x00000000eab00000)
  object space 280576K, 87% used [0x00000000c0000000,0x00000000cef01450,0x00000000d1200000)
 Metaspace       used 65076K, capacity 68600K, committed 68824K, reserved 1110016K
  class space    used 6576K, capacity 7819K, committed 7936K, reserved 1048576K
}
Event: 176.549 GC heap before
{Heap before GC invocations=226 (full 11):
 PSYoungGen      total 25600K, used 24800K [0x00000000eab00000, 0x00000000ec500000, 0x0000000100000000)
  eden space 24576K, 100% used [0x00000000eab00000,0x00000000ec300000,0x00000000ec300000)
  from space 1024K, 21% used [0x00000000ec400000,0x00000000ec438000,0x00000000ec500000)
  to   space 1024K, 0% used [0x00000000ec300000,0x00000000ec300000,0x00000000ec400000)
 ParOldGen       total 280576K, used 244741K [0x00000000c0000000, 0x00000000d1200000, 0x00000000eab00000)
  object space 280576K, 87% used [0x00000000c0000000,0x00000000cef01450,0x00000000d1200000)
 Metaspace       used 65076K, capacity 68600K, committed 68824K, reserved 1110016K
  class space    used 6576K, capacity 7819K, committed 7936K, reserved 1048576K
}
Event: 176.552 GC heap after
{Heap after GC invocations=226 (full 11):
 PSYoungGen      total 25600K, used 192K [0x00000000eab00000, 0x00000000ec480000, 0x0000000100000000)
  eden space 24576K, 0% used [0x00000000eab00000,0x00000000eab00000,0x00000000ec300000)
  from space 1024K, 18% used [0x00000000ec300000,0x00000000ec330000,0x00000000ec400000)
  to   space 512K, 0% used [0x00000000ec400000,0x00000000ec400000,0x00000000ec480000)
 ParOldGen       total 280576K, used 244741K [0x00000000c0000000, 0x00000000d1200000, 0x00000000eab00000)
  object space 280576K, 87% used [0x00000000c0000000,0x00000000cef01450,0x00000000d1200000)
 Metaspace       used 65076K, capacity 68600K, committed 68824K, reserved 1110016K
  class space    used 6576K, capacity 7819K, committed 7936K, reserved 1048576K
}
Event: 177.140 GC heap before
{Heap before GC invocations=227 (full 11):
 PSYoungGen      total 25600K, used 24768K [0x00000000eab00000, 0x00000000ec480000, 0x0000000100000000)
  eden space 24576K, 100% used [0x00000000eab00000,0x00000000ec300000,0x00000000ec300000)
  from space 1024K, 18% used [0x00000000ec300000,0x00000000ec330000,0x00000000ec400000)
  to   space 512K, 0% used [0x00000000ec400000,0x00000000ec400000,0x00000000ec480000)
 ParOldGen       total 280576K, used 244741K [0x00000000c0000000, 0x00000000d1200000, 0x00000000eab00000)
  object space 280576K, 87% used [0x00000000c0000000,0x00000000cef01450,0x00000000d1200000)
 Metaspace       used 67582K, capacity 71104K, committed 71128K, reserved 1112064K
  class space    used 6923K, capacity 8185K, committed 8192K, reserved 1048576K
}
Event: 177.143 GC heap after
{Heap after GC invocations=227 (full 11):
 PSYoungGen      total 25088K, used 498K [0x00000000eab00000, 0x00000000ec500000, 0x0000000100000000)
  eden space 24576K, 0% used [0x00000000eab00000,0x00000000eab00000,0x00000000ec300000)
  from space 512K, 97% used [0x00000000ec400000,0x00000000ec47c978,0x00000000ec480000)
  to   space 1024K, 0% used [0x00000000ec300000,0x00000000ec300000,0x00000000ec400000)
 ParOldGen       total 280576K, used 244821K [0x00000000c0000000, 0x00000000d1200000, 0x00000000eab00000)
  object space 280576K, 87% used [0x00000000c0000000,0x00000000cef15450,0x00000000d1200000)
 Metaspace       used 67582K, capacity 71104K, committed 71128K, reserved 1112064K
  class space    used 6923K, capacity 8185K, committed 8192K, reserved 1048576K
}
Event: 227.469 GC heap before
{Heap before GC invocations=228 (full 11):
 PSYoungGen      total 25088K, used 25074K [0x00000000eab00000, 0x00000000ec500000, 0x0000000100000000)
  eden space 24576K, 100% used [0x00000000eab00000,0x00000000ec300000,0x00000000ec300000)
  from space 512K, 97% used [0x00000000ec400000,0x00000000ec47c978,0x00000000ec480000)
  to   space 1024K, 0% used [0x00000000ec300000,0x00000000ec300000,0x00000000ec400000)
 ParOldGen       total 280576K, used 244821K [0x00000000c0000000, 0x00000000d1200000, 0x00000000eab00000)
  object space 280576K, 87% used [0x00000000c0000000,0x00000000cef15450,0x00000000d1200000)
 Metaspace       used 68143K, capacity 71665K, committed 71768K, reserved 1112064K
  class space    used 6993K, capacity 8267K, committed 8320K, reserved 1048576K
}
Event: 227.474 GC heap after
{Heap after GC invocations=228 (full 11):
 PSYoungGen      total 25600K, used 995K [0x00000000eab00000, 0x00000000ecd00000, 0x0000000100000000)
  eden space 24576K, 0% used [0x00000000eab00000,0x00000000eab00000,0x00000000ec300000)
  from space 1024K, 97% used [0x00000000ec300000,0x00000000ec3f8f78,0x00000000ec400000)
  to   space 5120K, 0% used [0x00000000ec800000,0x00000000ec800000,0x00000000ecd00000)
 ParOldGen       total 280576K, used 248086K [0x00000000c0000000, 0x00000000d1200000, 0x00000000eab00000)
  object space 280576K, 88% used [0x00000000c0000000,0x00000000cf2458f8,0x00000000d1200000)
 Metaspace       used 68143K, capacity 71665K, committed 71768K, reserved 1112064K
  class space    used 6993K, capacity 8267K, committed 8320K, reserved 1048576K
}
Event: 227.730 GC heap before
{Heap before GC invocations=229 (full 11):
 PSYoungGen      total 25600K, used 25571K [0x00000000eab00000, 0x00000000ecd00000, 0x0000000100000000)
  eden space 24576K, 100% used [0x00000000eab00000,0x00000000ec300000,0x00000000ec300000)
  from space 1024K, 97% used [0x00000000ec300000,0x00000000ec3f8f78,0x00000000ec400000)
  to   space 5120K, 0% used [0x00000000ec800000,0x00000000ec800000,0x00000000ecd00000)
 ParOldGen       total 280576K, used 248086K [0x00000000c0000000, 0x00000000d1200000, 0x00000000eab00000)
  object space 280576K, 88% used [0x00000000c0000000,0x00000000cf2458f8,0x00000000d1200000)
 Metaspace       used 68149K, capacity 71665K, committed 71768K, reserved 1112064K
  class space    used 6993K, capacity 8267K, committed 8320K, reserved 1048576K
}
Event: 227.735 GC heap after
{Heap after GC invocations=229 (full 11):
 PSYoungGen      total 25600K, used 896K [0x00000000eab00000, 0x00000000ec900000, 0x0000000100000000)
  eden space 24576K, 0% used [0x00000000eab00000,0x00000000eab00000,0x00000000ec300000)
  from space 1024K, 87% used [0x00000000ec800000,0x00000000ec8e0010,0x00000000ec900000)
  to   space 2560K, 0% used [0x00000000ec400000,0x00000000ec400000,0x00000000ec680000)
 ParOldGen       total 280576K, used 248370K [0x00000000c0000000, 0x00000000d1200000, 0x00000000eab00000)
  object space 280576K, 88% used [0x00000000c0000000,0x00000000cf28cbc8,0x00000000d1200000)
 Metaspace       used 68149K, capacity 71665K, committed 71768K, reserved 1112064K
  class space    used 6993K, capacity 8267K, committed 8320K, reserved 1048576K
}
Event: 227.849 GC heap before
{Heap before GC invocations=230 (full 11):
 PSYoungGen      total 25600K, used 25472K [0x00000000eab00000, 0x00000000ec900000, 0x0000000100000000)
  eden space 24576K, 100% used [0x00000000eab00000,0x00000000ec300000,0x00000000ec300000)
  from space 1024K, 87% used [0x00000000ec800000,0x00000000ec8e0010,0x00000000ec900000)
  to   space 2560K, 0% used [0x00000000ec400000,0x00000000ec400000,0x00000000ec680000)
 ParOldGen       total 280576K, used 248370K [0x00000000c0000000, 0x00000000d1200000, 0x00000000eab00000)
  object space 280576K, 88% used [0x00000000c0000000,0x00000000cf28cbc8,0x00000000d1200000)
 Metaspace       used 68155K, capacity 71665K, committed 71768K, reserved 1112064K
  class space    used 6993K, capacity 8267K, committed 8320K, reserved 1048576K
}
Event: 227.853 GC heap after
{Heap after GC invocations=230 (full 11):
 PSYoungGen      total 27136K, used 928K [0x00000000eab00000, 0x00000000ec880000, 0x0000000100000000)
  eden space 24576K, 0% used [0x00000000eab00000,0x00000000eab00000,0x00000000ec300000)
  from space 2560K, 36% used [0x00000000ec400000,0x00000000ec4e8010,0x00000000ec680000)
  to   space 1536K, 0% used [0x00000000ec700000,0x00000000ec700000,0x00000000ec880000)
 ParOldGen       total 280576K, used 248370K [0x00000000c0000000, 0x00000000d1200000, 0x00000000eab00000)
  object space 280576K, 88% used [0x00000000c0000000,0x00000000cf28cbc8,0x00000000d1200000)
 Metaspace       used 68155K, capacity 71665K, committed 71768K, reserved 1112064K
  class space    used 6993K, capacity 8267K, committed 8320K, reserved 1048576K
}
Event: 227.977 GC heap before
{Heap before GC invocations=231 (full 11):
 PSYoungGen      total 27136K, used 25504K [0x00000000eab00000, 0x00000000ec880000, 0x0000000100000000)
  eden space 24576K, 100% used [0x00000000eab00000,0x00000000ec300000,0x00000000ec300000)
  from space 2560K, 36% used [0x00000000ec400000,0x00000000ec4e8010,0x00000000ec680000)
  to   space 1536K, 0% used [0x00000000ec700000,0x00000000ec700000,0x00000000ec880000)
 ParOldGen       total 280576K, used 248370K [0x00000000c0000000, 0x00000000d1200000, 0x00000000eab00000)
  object space 280576K, 88% used [0x00000000c0000000,0x00000000cf28cbc8,0x00000000d1200000)
 Metaspace       used 68155K, capacity 71665K, committed 71768K, reserved 1112064K
  class space    used 6993K, capacity 8267K, committed 8320K, reserved 1048576K
}
Event: 227.981 GC heap after
{Heap after GC invocations=231 (full 11):
 PSYoungGen      total 25600K, used 928K [0x00000000eab00000, 0x00000000ec800000, 0x0000000100000000)
  eden space 24576K, 0% used [0x00000000eab00000,0x00000000eab00000,0x00000000ec300000)
  from space 1024K, 90% used [0x00000000ec700000,0x00000000ec7e8010,0x00000000ec800000)
  to   space 1024K, 0% used [0x00000000ec600000,0x00000000ec600000,0x00000000ec700000)
 ParOldGen       total 280576K, used 248370K [0x00000000c0000000, 0x00000000d1200000, 0x00000000eab00000)
  object space 280576K, 88% used [0x00000000c0000000,0x00000000cf28cbc8,0x00000000d1200000)
 Metaspace       used 68155K, capacity 71665K, committed 71768K, reserved 1112064K
  class space    used 6993K, capacity 8267K, committed 8320K, reserved 1048576K
}

